Arguments: 
  /Users/palmithor/.nvm/versions/node/v8.9.1/bin/node /Users/palmithor/.yarn/bin/yarn.js build

PATH: 
  /Users/palmithor/.yarn/bin:/Users/palmithor/.config/yarn/global/node_modules/.bin:/Users/palmithor/.nvm/versions/node/v8.9.1/bin:/Users/palmithor/programs/scripts:/Users/palmithor/programs/maven/current/bin:/Users/palmithor/programs/terraform/:/usr/local/bin:/usr/bin:/bin:/usr/sbin:/sbin

Yarn version: 
  1.3.2

Node version: 
  8.9.1

Platform: 
  darwin x64

npm manifest: 
  {
    "name": "foodtraucker-utils",
    "version": "1.0.0",
    "scripts": {
      "build": "tsc"
    },
    "main": "./dist/index.js",
    // "typings": "./dist/index.d.ts",
    "dependencies": {
      "@types/aws-lambda": "^0.0.31"
    },
    "devDependencies": {
      "typings": "^2.1.1"
    }
  }

yarn manifest: 
  No manifest

Lockfile: 
  No lockfile

Trace: 
  SyntaxError: /Users/palmithor/git/cygni/foodtraucker/backend_node_2/packages/foodtraucker-utils/package.json: Unexpected token / in JSON at position 126
      at JSON.parse (<anonymous>)
      at /Users/palmithor/.yarn/lib/cli.js:770:59
      at Generator.next (<anonymous>)
      at step (/Users/palmithor/.yarn/lib/cli.js:92:30)
      at /Users/palmithor/.yarn/lib/cli.js:103:13
      at <anonymous>
